Solid Edge Translation to STL
Date: Sunday,May 18,2025 01:34AM
Source File:C:\Users\ashle\OneDrive\Documents\solid edge files\ESDP\ESDP_box.par
Source System: SOLID EDGE

Hardware:
Processor: 13th Gen Intel(R) Core(TM) i5-1335U
Operating System: Windows 10
Installed Memory: 15.71 GB

Software Information:
Parasolid Version: 37.0.118
PSBodyshop Version: 37.0.94
STL Adapter Version: 15.0.142
Solid Edge Version: 225.00.01.004 x64

STL Export Options:
Output File Format:BINARY
Export Displayed Parts:Off
structureOption: Monolithic
Export Units:Millimeter
Export Tolerance Value:0.050000
Export Tolerance Type:Custom
Export Surface Plane Angle Value:0.523599

Translation progress:
Translation process completed
Time required to translate:00 : 00 : 00
